# JRE version: OpenJDK Runtime Environment (11.0.10) (build 11.0.10+0-b96-7249189)
# Java VM: OpenJDK 64-Bit Server VM (11.0.10+0-b96-7249189, mixed mode, tiered, compressed oops, g1 gc, windows-amd64)
Heap:
 garbage-first heap   total 518144K, used 211383K [0x0000000080000000, 0x0000000100000000)
  region size 1024K, 6 young (6144K), 6 survivors (6144K)
 Metaspace       used 130454K, capacity 134068K, committed 134272K, reserved 1165312K
  class space    used 16258K, capacity 17586K, committed 17612K, reserved 1048576K
GC Heap History (20 events):
Event: 5135.665 GC heap after
{Heap after GC invocations=96 (full 0):
 garbage-first heap   total 315392K, used 175229K [0x0000000080000000, 0x0000000100000000)
  region size 1024K, 6 young (6144K), 6 survivors (6144K)
 Metaspace       used 128882K, capacity 132399K, committed 132736K, reserved 1165312K
  class space    used 16202K, capacity 17496K, committed 17612K, reserved 1048576K
}
Event: 5136.149 GC heap before
{Heap before GC invocations=96 (full 0):
 garbage-first heap   total 315392K, used 258173K [0x0000000080000000, 0x0000000100000000)
  region size 1024K, 87 young (89088K), 6 survivors (6144K)
 Metaspace       used 129142K, capacity 132732K, committed 132992K, reserved 1165312K
  class space    used 16239K, capacity 17563K, committed 17612K, reserved 1048576K
}
Event: 5136.160 GC heap after
{Heap after GC invocations=97 (full 0):
 garbage-first heap   total 315392K, used 175050K [0x0000000080000000, 0x0000000100000000)
  region size 1024K, 6 young (6144K), 6 survivors (6144K)
 Metaspace       used 129142K, capacity 132732K, committed 132992K, reserved 1165312K
  class space    used 16239K, capacity 17563K, committed 17612K, reserved 1048576K
}
Event: 5136.545 GC heap before
{Heap before GC invocations=97 (full 0):
 garbage-first heap   total 315392K, used 260042K [0x0000000080000000, 0x0000000100000000)
  region size 1024K, 90 young (92160K), 6 survivors (6144K)
 Metaspace       used 129319K, capacity 132884K, committed 132992K, reserved 1165312K
  class space    used 16243K, capacity 17568K, committed 17612K, reserved 1048576K
}
Event: 5136.555 GC heap after
{Heap after GC invocations=98 (full 0):
 garbage-first heap   total 315392K, used 175457K [0x0000000080000000, 0x0000000100000000)
  region size 1024K, 6 young (6144K), 6 survivors (6144K)
 Metaspace       used 129319K, capacity 132884K, committed 132992K, reserved 1165312K
  class space    used 16243K, capacity 17568K, committed 17612K, reserved 1048576K
}
Event: 5136.894 GC heap before
{Heap before GC invocations=98 (full 0):
 garbage-first heap   total 315392K, used 263521K [0x0000000080000000, 0x0000000100000000)
  region size 1024K, 92 young (94208K), 6 survivors (6144K)
 Metaspace       used 129342K, capacity 132915K, committed 132992K, reserved 1165312K
  class space    used 16248K, capacity 17578K, committed 17612K, reserved 1048576K
}
Event: 5136.904 GC heap after
{Heap after GC invocations=99 (full 0):
 garbage-first heap   total 315392K, used 175115K [0x0000000080000000, 0x0000000100000000)
  region size 1024K, 6 young (6144K), 6 survivors (6144K)
 Metaspace       used 129342K, capacity 132915K, committed 132992K, reserved 1165312K
  class space    used 16248K, capacity 17578K, committed 17612K, reserved 1048576K
}
Event: 5137.249 GC heap before
{Heap before GC invocations=99 (full 0):
 garbage-first heap   total 315392K, used 265227K [0x0000000080000000, 0x0000000100000000)
  region size 1024K, 95 young (97280K), 6 survivors (6144K)
 Metaspace       used 129533K, capacity 133134K, committed 133248K, reserved 1165312K
  class space    used 16250K, capacity 17581K, committed 17612K, reserved 1048576K
}
Event: 5137.259 GC heap after
{Heap after GC invocations=100 (full 0):
 garbage-first heap   total 315392K, used 176162K [0x0000000080000000, 0x0000000100000000)
  region size 1024K, 7 young (7168K), 7 survivors (7168K)
 Metaspace       used 129533K, capacity 133134K, committed 133248K, reserved 1165312K
  class space    used 16250K, capacity 17581K, committed 17612K, reserved 1048576K
}
Event: 5137.638 GC heap before
{Heap before GC invocations=100 (full 0):
 garbage-first heap   total 315392K, used 266274K [0x0000000080000000, 0x0000000100000000)
  region size 1024K, 96 young (98304K), 7 survivors (7168K)
 Metaspace       used 129883K, capacity 133475K, committed 133504K, reserved 1165312K
  class space    used 16252K, capacity 17583K, committed 17612K, reserved 1048576K
}
Event: 5137.648 GC heap after
{Heap after GC invocations=101 (full 0):
 garbage-first heap   total 315392K, used 176792K [0x0000000080000000, 0x0000000100000000)
  region size 1024K, 7 young (7168K), 7 survivors (7168K)
 Metaspace       used 129883K, capacity 133475K, committed 133504K, reserved 1165312K
  class space    used 16252K, capacity 17583K, committed 17612K, reserved 1048576K
}
Event: 5137.972 GC heap before
{Heap before GC invocations=101 (full 0):
 garbage-first heap   total 315392K, used 267928K [0x0000000080000000, 0x0000000100000000)
  region size 1024K, 97 young (99328K), 7 survivors (7168K)
 Metaspace       used 130046K, capacity 133632K, committed 133760K, reserved 1165312K
  class space    used 16255K, capacity 17584K, committed 17612K, reserved 1048576K
}
Event: 5137.986 GC heap after
{Heap after GC invocations=102 (full 0):
 garbage-first heap   total 378880K, used 177975K [0x0000000080000000, 0x0000000100000000)
  region size 1024K, 9 young (9216K), 9 survivors (9216K)
 Metaspace       used 130046K, capacity 133632K, committed 133760K, reserved 1165312K
  class space    used 16255K, capacity 17584K, committed 17612K, reserved 1048576K
}
Event: 5138.398 GC heap before
{Heap before GC invocations=102 (full 0):
 garbage-first heap   total 378880K, used 314167K [0x0000000080000000, 0x0000000100000000)
  region size 1024K, 143 young (146432K), 9 survivors (9216K)
 Metaspace       used 130240K, capacity 133844K, committed 134016K, reserved 1165312K
  class space    used 16256K, capacity 17584K, committed 17612K, reserved 1048576K
}
Event: 5138.425 GC heap after
{Heap after GC invocations=103 (full 0):
 garbage-first heap   total 378880K, used 192522K [0x0000000080000000, 0x0000000100000000)
  region size 1024K, 18 young (18432K), 18 survivors (18432K)
 Metaspace       used 130240K, capacity 133844K, committed 134016K, reserved 1165312K
  class space    used 16256K, capacity 17584K, committed 17612K, reserved 1048576K
}
Event: 5138.728 GC heap before
{Heap before GC invocations=103 (full 0):
 garbage-first heap   total 378880K, used 311306K [0x0000000080000000, 0x0000000100000000)
  region size 1024K, 135 young (138240K), 18 survivors (18432K)
 Metaspace       used 130349K, capacity 133917K, committed 134016K, reserved 1165312K
  class space    used 16257K, capacity 17585K, committed 17612K, reserved 1048576K
}
Event: 5138.760 GC heap after
{Heap after GC invocations=104 (full 0):
 garbage-first heap   total 378880K, used 200446K [0x0000000080000000, 0x0000000100000000)
  region size 1024K, 11 young (11264K), 11 survivors (11264K)
 Metaspace       used 130349K, capacity 133917K, committed 134016K, reserved 1165312K
  class space    used 16257K, capacity 17585K, committed 17612K, reserved 1048576K
}
Event: 5139.042 GC heap before
{Heap before GC invocations=104 (full 0):
 garbage-first heap   total 378880K, used 313086K [0x0000000080000000, 0x0000000100000000)
  region size 1024K, 122 young (124928K), 11 survivors (11264K)
 Metaspace       used 130422K, capacity 134002K, committed 134272K, reserved 1165312K
  class space    used 16258K, capacity 17586K, committed 17612K, reserved 1048576K
}
Event: 5139.061 GC heap after
{Heap after GC invocations=105 (full 0):
 garbage-first heap   total 378880K, used 207421K [0x0000000080000000, 0x0000000100000000)
  region size 1024K, 9 young (9216K), 9 survivors (9216K)
 Metaspace       used 130422K, capacity 134002K, committed 134272K, reserved 1165312K
  class space    used 16258K, capacity 17586K, committed 17612K, reserved 1048576K
}
Event: 5139.350 GC heap before
{Heap before GC invocations=105 (full 0):
 garbage-first heap   total 378880K, used 314941K [0x0000000080000000, 0x0000000100000000)
  region size 1024K, 115 young (117760K), 9 survivors (9216K)
 Metaspace       used 130454K, capacity 134068K, committed 134272K, reserved 1165312K
  class space    used 16258K, capacity 17586K, committed 17612K, reserved 1048576K
}

